
2026-04-27 18:17:32,222 - INFO - Loading model from: D:\AI-ML Projects\HousePriceProject\model\linear_regressions.pkl
2026-04-27 18:17:35,792 - INFO - Model loaded successfully \u2705
2026-04-27 18:17:56,315 - INFO - Loading model from: D:\AI-ML Projects\HousePriceProject\model\linear_regressions.pkl
2026-04-27 18:17:59,364 - INFO - Model loaded successfully \u2705
2026-04-27 18:20:02,479 - INFO - Received input: {'median_income': 4.5, 'housing_median_age': 20.0, 'total_rooms': 600.0, 'total_bedrooms': 400.0, 'population': 654.0, 'households': 300.0, 'longitude': -122.37, 'latitude': 36.0, 'ocean_proximity_INLAND': 1, 'ocean_proximity_ISLAND': 0, 'ocean_proximity_NEAR BAY': 0, 'ocean_proximity_NEAR OCEAN': 0}
2026-04-27 18:20:02,607 - INFO - DataFrame columns: ['median_income', 'housing_median_age', 'total_rooms', 'total_bedrooms', 'population', 'households', 'longitude', 'latitude', 'ocean_proximity_INLAND', 'ocean_proximity_ISLAND', 'ocean_proximity_NEAR BAY', 'ocean_proximity_NEAR OCEAN']
2026-04-27 18:20:02,740 - INFO - DataFrame values:
   median_income  housing_median_age  ...  ocean_proximity_NEAR BAY  ocean_proximity_NEAR OCEAN
0            4.5                20.0  ...                         0                           0

[1 rows x 12 columns]
2026-04-27 18:20:02,768 - INFO - Raw prediction: -6770587.365315686
2026-04-27 18:20:02,770 - INFO - Final prediction: -6770587.37
2026-04-27 18:31:14,830 - INFO - Received input: {'median_income': 3.5, 'housing_median_age': 15.0, 'total_rooms': 500.0, 'total_bedrooms': 100.0, 'population': 1496.0, 'households': 399.0, 'longitude': -123.0, 'latitude': 39.0, 'ocean_proximity_INLAND': 1, 'ocean_proximity_ISLAND': 0, 'ocean_proximity_NEAR BAY': 0, 'ocean_proximity_NEAR OCEAN': 0}
2026-04-27 18:31:15,088 - INFO - Before scaling:
   median_income  housing_median_age  ...  ocean_proximity_NEAR BAY  ocean_proximity_NEAR OCEAN
0            3.5                15.0  ...                         0                           0

[1 rows x 12 columns]
2026-04-27 18:31:15,214 - INFO - Raw prediction: 128461.52930205798
2026-04-27 18:31:15,215 - INFO - Final prediction: 128461.53
2026-04-27 18:32:08,059 - INFO - Received input: {'median_income': 4.6, 'housing_median_age': 20.0, 'total_rooms': 2000.0, 'total_bedrooms': 1600.0, 'population': 2999.0, 'households': 199.0, 'longitude': -123.0, 'latitude': 37.0, 'ocean_proximity_INLAND': 0, 'ocean_proximity_ISLAND': 0, 'ocean_proximity_NEAR BAY': 1, 'ocean_proximity_NEAR OCEAN': 0}
2026-04-27 18:32:08,100 - INFO - Before scaling:
   median_income  housing_median_age  ...  ocean_proximity_NEAR BAY  ocean_proximity_NEAR OCEAN
0            4.6                20.0  ...                         1                           0

[1 rows x 12 columns]
2026-04-27 18:32:08,103 - INFO - Raw prediction: 313606.03787964606
2026-04-27 18:32:08,103 - INFO - Final prediction: 313606.04
2026-04-27 18:33:42,055 - INFO - Received input: {'median_income': 4.0, 'housing_median_age': 30.0, 'total_rooms': 700.0, 'total_bedrooms': 500.0, 'population': 1999.0, 'households': 100.0, 'longitude': 120.0, 'latitude': 39.0, 'ocean_proximity_INLAND': 0, 'ocean_proximity_ISLAND': 0, 'ocean_proximity_NEAR BAY': 0, 'ocean_proximity_NEAR OCEAN': 0}
2026-04-27 18:33:42,089 - INFO - Before scaling:
   median_income  housing_median_age  ...  ocean_proximity_NEAR BAY  ocean_proximity_NEAR OCEAN
0            4.0                30.0  ...                         0                           0

[1 rows x 12 columns]
2026-04-27 18:33:42,092 - INFO - Raw prediction: -5493234.624680251
2026-04-27 18:33:42,092 - INFO - Final prediction: 0
2026-04-27 18:34:29,964 - INFO - Received input: {'median_income': 10.0, 'housing_median_age': 50.0, 'total_rooms': 2000.0, 'total_bedrooms': 1100.0, 'population': 8998.0, 'households': 99.0, 'longitude': -123.0, 'latitude': 36.0, 'ocean_proximity_INLAND': 0, 'ocean_proximity_ISLAND': 0, 'ocean_proximity_NEAR BAY': 0, 'ocean_proximity_NEAR OCEAN': 0}
2026-04-27 18:34:30,018 - INFO - Before scaling:
   median_income  housing_median_age  ...  ocean_proximity_NEAR BAY  ocean_proximity_NEAR OCEAN
0           10.0                50.0  ...                         0                           0

[1 rows x 12 columns]
2026-04-27 18:34:30,023 - INFO - Raw prediction: 355206.3678923538
2026-04-27 18:34:30,023 - INFO - Final prediction: 355206.37
